# JRE version: Java(TM) SE Runtime Environment (8.0_74-b02) (build 1.8.0_74-b02)
# Java VM: Java HotSpot(TM) 64-Bit Server VM (25.74-b02 mixed mode bsd-amd64 compressed oops)
Heap:
 PSYoungGen      total 72192K, used 10551K [0x00000007aab00000, 0x00000007af800000, 0x00000007c0000000)
  eden space 65536K, 16% used [0x00000007aab00000,0x00000007ab54df00,0x00000007aeb00000)
  from space 6656K, 0% used [0x00000007af180000,0x00000007af180000,0x00000007af800000)
  to   space 6656K, 0% used [0x00000007aeb00000,0x00000007aeb00000,0x00000007af180000)
 ParOldGen       total 33280K, used 5665K [0x0000000780000000, 0x0000000782080000, 0x00000007aab00000)
  object space 33280K, 17% used [0x0000000780000000,0x00000007805886a8,0x0000000782080000)
 Metaspace       used 22788K, capacity 23456K, committed 23680K, reserved 1069056K
  class space    used 3726K, capacity 3882K, committed 3968K, reserved 1048576K
GC Heap History (10 events):
Event: 2.806 GC heap before
{Heap before GC invocations=3 (full 0):
 PSYoungGen      total 18944K, used 18940K [0x00000007aab00000, 0x00000007ac000000, 0x00000007c0000000)
  eden space 16384K, 100% used [0x00000007aab00000,0x00000007abb00000,0x00000007abb00000)
  from space 2560K, 99% used [0x00000007abd80000,0x00000007abfff118,0x00000007ac000000)
  to   space 2560K, 0% used [0x00000007abb00000,0x00000007abb00000,0x00000007abd80000)
 ParOldGen       total 44032K, used 616K [0x0000000780000000, 0x0000000782b00000, 0x00000007aab00000)
  object space 44032K, 1% used [0x0000000780000000,0x000000078009a0a8,0x0000000782b00000)
 Metaspace       used 10592K, capacity 10794K, committed 11008K, reserved 1058816K
  class space    used 1374K, capacity 1439K, committed 1536K, reserved 1048576K
Event: 2.818 GC heap after
Heap after GC invocations=3 (full 0):
 PSYoungGen      total 18944K, used 2538K [0x00000007aab00000, 0x00000007ad000000, 0x00000007c0000000)
  eden space 16384K, 0% used [0x00000007aab00000,0x00000007aab00000,0x00000007abb00000)
  from space 2560K, 99% used [0x00000007abb00000,0x00000007abd7aa18,0x00000007abd80000)
  to   space 2560K, 0% used [0x00000007acd80000,0x00000007acd80000,0x00000007ad000000)
 ParOldGen       total 44032K, used 1807K [0x0000000780000000, 0x0000000782b00000, 0x00000007aab00000)
  object space 44032K, 4% used [0x0000000780000000,0x00000007801c3f18,0x0000000782b00000)
 Metaspace       used 10592K, capacity 10794K, committed 11008K, reserved 1058816K
  class space    used 1374K, capacity 1439K, committed 1536K, reserved 1048576K
}
Event: 3.138 GC heap before
{Heap before GC invocations=4 (full 0):
 PSYoungGen      total 18944K, used 18922K [0x00000007aab00000, 0x00000007ad000000, 0x00000007c0000000)
  eden space 16384K, 100% used [0x00000007aab00000,0x00000007abb00000,0x00000007abb00000)
  from space 2560K, 99% used [0x00000007abb00000,0x00000007abd7aa18,0x00000007abd80000)
  to   space 2560K, 0% used [0x00000007acd80000,0x00000007acd80000,0x00000007ad000000)
 ParOldGen       total 44032K, used 1807K [0x0000000780000000, 0x0000000782b00000, 0x00000007aab00000)
  object space 44032K, 4% used [0x0000000780000000,0x00000007801c3f18,0x0000000782b00000)
 Metaspace       used 12018K, capacity 12220K, committed 12416K, reserved 1060864K
  class space    used 1820K, capacity 1896K, committed 1920K, reserved 1048576K
Event: 3.147 GC heap after
Heap after GC invocations=4 (full 0):
 PSYoungGen      total 35328K, used 2538K [0x00000007aab00000, 0x00000007ad000000, 0x00000007c0000000)
  eden space 32768K, 0% used [0x00000007aab00000,0x00000007aab00000,0x00000007acb00000)
  from space 2560K, 99% used [0x00000007acd80000,0x00000007acffaa18,0x00000007ad000000)
  to   space 2560K, 0% used [0x00000007acb00000,0x00000007acb00000,0x00000007acd80000)
 ParOldGen       total 44032K, used 2739K [0x0000000780000000, 0x0000000782b00000, 0x00000007aab00000)
  object space 44032K, 6% used [0x0000000780000000,0x00000007802acda8,0x0000000782b00000)
 Metaspace       used 12018K, capacity 12220K, committed 12416K, reserved 1060864K
  class space    used 1820K, capacity 1896K, committed 1920K, reserved 1048576K
}
Event: 4.821 GC heap before
{Heap before GC invocations=5 (full 0):
 PSYoungGen      total 35328K, used 35306K [0x00000007aab00000, 0x00000007ad000000, 0x00000007c0000000)
  eden space 32768K, 100% used [0x00000007aab00000,0x00000007acb00000,0x00000007acb00000)
  from space 2560K, 99% used [0x00000007acd80000,0x00000007acffaa18,0x00000007ad000000)
  to   space 2560K, 0% used [0x00000007acb00000,0x00000007acb00000,0x00000007acd80000)
 ParOldGen       total 44032K, used 2739K [0x0000000780000000, 0x0000000782b00000, 0x00000007aab00000)
  object space 44032K, 6% used [0x0000000780000000,0x00000007802acda8,0x0000000782b00000)
 Metaspace       used 18517K, capacity 19172K, committed 19328K, reserved 1064960K
  class space    used 3230K, capacity 3394K, committed 3456K, reserved 1048576K
Event: 4.844 GC heap after
Heap after GC invocations=5 (full 0):
 PSYoungGen      total 35328K, used 2550K [0x00000007aab00000, 0x00000007af800000, 0x00000007c0000000)
  eden space 32768K, 0% used [0x00000007aab00000,0x00000007aab00000,0x00000007acb00000)
  from space 2560K, 99% used [0x00000007acb00000,0x00000007acd7d9b8,0x00000007acd80000)
  to   space 6656K, 0% used [0x00000007af180000,0x00000007af180000,0x00000007af800000)
 ParOldGen       total 44032K, used 7004K [0x0000000780000000, 0x0000000782b00000, 0x00000007aab00000)
  object space 44032K, 15% used [0x0000000780000000,0x00000007806d7070,0x0000000782b00000)
 Metaspace       used 18517K, capacity 19172K, committed 19328K, reserved 1064960K
  class space    used 3230K, capacity 3394K, committed 3456K, reserved 1048576K
}
Event: 6.218 GC heap before
{Heap before GC invocations=6 (full 0):
 PSYoungGen      total 35328K, used 11151K [0x00000007aab00000, 0x00000007af800000, 0x00000007c0000000)
  eden space 32768K, 26% used [0x00000007aab00000,0x00000007ab366378,0x00000007acb00000)
  from space 2560K, 99% used [0x00000007acb00000,0x00000007acd7d9b8,0x00000007acd80000)
  to   space 6656K, 0% used [0x00000007af180000,0x00000007af180000,0x00000007af800000)
 ParOldGen       total 44032K, used 7004K [0x0000000780000000, 0x0000000782b00000, 0x00000007aab00000)
  object space 44032K, 15% used [0x0000000780000000,0x00000007806d7070,0x0000000782b00000)
 Metaspace       used 20527K, capacity 21120K, committed 21296K, reserved 1067008K
  class space    used 3450K, capacity 3594K, committed 3712K, reserved 1048576K
Event: 6.230 GC heap after
Heap after GC invocations=6 (full 0):
 PSYoungGen      total 72192K, used 4668K [0x00000007aab00000, 0x00000007af800000, 0x00000007c0000000)
  eden space 65536K, 0% used [0x00000007aab00000,0x00000007aab00000,0x00000007aeb00000)
  from space 6656K, 70% used [0x00000007af180000,0x00000007af60f140,0x00000007af800000)
  to   space 6656K, 0% used [0x00000007aeb00000,0x00000007aeb00000,0x00000007af180000)
 ParOldGen       total 44032K, used 7012K [0x0000000780000000, 0x0000000782b00000, 0x00000007aab00000)
  object space 44032K, 15% used [0x0000000780000000,0x00000007806d9070,0x0000000782b00000)
 Metaspace       used 20527K, capacity 21120K, committed 21296K, reserved 1067008K
  class space    used 3450K, capacity 3594K, committed 3712K, reserved 1048576K
}
Event: 6.230 GC heap before
{Heap before GC invocations=7 (full 1):
 PSYoungGen      total 72192K, used 4668K [0x00000007aab00000, 0x00000007af800000, 0x00000007c0000000)
  eden space 65536K, 0% used [0x00000007aab00000,0x00000007aab00000,0x00000007aeb00000)
  from space 6656K, 70% used [0x00000007af180000,0x00000007af60f140,0x00000007af800000)
  to   space 6656K, 0% used [0x00000007aeb00000,0x00000007aeb00000,0x00000007af180000)
 ParOldGen       total 44032K, used 7012K [0x0000000780000000, 0x0000000782b00000, 0x00000007aab00000)
  object space 44032K, 15% used [0x0000000780000000,0x00000007806d9070,0x0000000782b00000)
 Metaspace       used 20527K, capacity 21120K, committed 21296K, reserved 1067008K
  class space    used 3450K, capacity 3594K, committed 3712K, reserved 1048576K
Event: 6.308 GC heap after
Heap after GC invocations=7 (full 1):
 PSYoungGen      total 72192K, used 0K [0x00000007aab00000, 0x00000007af800000, 0x00000007c0000000)
  eden space 65536K, 0% used [0x00000007aab00000,0x00000007aab00000,0x00000007aeb00000)
  from space 6656K, 0% used [0x00000007af180000,0x00000007af180000,0x00000007af800000)
  to   space 6656K, 0% used [0x00000007aeb00000,0x00000007aeb00000,0x00000007af180000)
 ParOldGen       total 33280K, used 5665K [0x0000000780000000, 0x0000000782080000, 0x00000007aab00000)
  object space 33280K, 17% used [0x0000000780000000,0x00000007805886a8,0x0000000782080000)
 Metaspace       used 20527K, capacity 21120K, committed 21296K, reserved 1067008K
  class space    used 3450K, capacity 3594K, committed 3712K, reserved 1048576K
}

