# JRE version: Java(TM) SE Runtime Environment (8.0_74-b02) (build 1.8.0_74-b02)
# Java VM: Java HotSpot(TM) 64-Bit Server VM (25.74-b02 mixed mode bsd-amd64 compressed oops)
Heap:
 PSYoungGen      total 36352K, used 35564K [0x00000007aab00000, 0x00000007ad600000, 0x00000007c0000000)
  eden space 31744K, 97% used [0x00000007aab00000,0x00000007ac93ec20,0x00000007aca00000)
  from space 4608K, 99% used [0x00000007acf80000,0x00000007ad3fc460,0x00000007ad400000)
  to   space 5632K, 0% used [0x00000007aca00000,0x00000007aca00000,0x00000007acf80000)
 ParOldGen       total 44032K, used 4927K [0x0000000780000000, 0x0000000782b00000, 0x00000007aab00000)
  object space 44032K, 11% used [0x0000000780000000,0x00000007804cfd90,0x0000000782b00000)
 Metaspace       used 20021K, capacity 20632K, committed 20864K, reserved 1067008K
  class space    used 3437K, capacity 3596K, committed 3712K, reserved 1048576K
GC Heap History (10 events):
Event: 2.617 GC heap before
{Heap before GC invocations=2 (full 0):
 PSYoungGen      total 18944K, used 18915K [0x00000007aab00000, 0x00000007ac000000, 0x00000007c0000000)
  eden space 16384K, 100% used [0x00000007aab00000,0x00000007abb00000,0x00000007abb00000)
  from space 2560K, 98% used [0x00000007abb00000,0x00000007abd78e90,0x00000007abd80000)
  to   space 2560K, 0% used [0x00000007abd80000,0x00000007abd80000,0x00000007ac000000)
 ParOldGen       total 44032K, used 112K [0x0000000780000000, 0x0000000782b00000, 0x00000007aab00000)
  object space 44032K, 0% used [0x0000000780000000,0x000000078001c010,0x0000000782b00000)
 Metaspace       used 8734K, capacity 8894K, committed 9088K, reserved 1056768K
  class space    used 1089K, capacity 1149K, committed 1152K, reserved 1048576K
Event: 2.623 GC heap after
Heap after GC invocations=2 (full 0):
 PSYoungGen      total 18944K, used 2543K [0x00000007aab00000, 0x00000007ac000000, 0x00000007c0000000)
  eden space 16384K, 0% used [0x00000007aab00000,0x00000007aab00000,0x00000007abb00000)
  from space 2560K, 99% used [0x00000007abd80000,0x00000007abffbe00,0x00000007ac000000)
  to   space 2560K, 0% used [0x00000007abb00000,0x00000007abb00000,0x00000007abd80000)
 ParOldGen       total 44032K, used 648K [0x0000000780000000, 0x0000000782b00000, 0x00000007aab00000)
  object space 44032K, 1% used [0x0000000780000000,0x00000007800a2148,0x0000000782b00000)
 Metaspace       used 8734K, capacity 8894K, committed 9088K, reserved 1056768K
  class space    used 1089K, capacity 1149K, committed 1152K, reserved 1048576K
}
Event: 3.060 GC heap before
{Heap before GC invocations=3 (full 0):
 PSYoungGen      total 18944K, used 18927K [0x00000007aab00000, 0x00000007ac000000, 0x00000007c0000000)
  eden space 16384K, 100% used [0x00000007aab00000,0x00000007abb00000,0x00000007abb00000)
  from space 2560K, 99% used [0x00000007abd80000,0x00000007abffbe00,0x00000007ac000000)
  to   space 2560K, 0% used [0x00000007abb00000,0x00000007abb00000,0x00000007abd80000)
 ParOldGen       total 44032K, used 648K [0x0000000780000000, 0x0000000782b00000, 0x00000007aab00000)
  object space 44032K, 1% used [0x0000000780000000,0x00000007800a2148,0x0000000782b00000)
 Metaspace       used 10610K, capacity 10794K, committed 11008K, reserved 1058816K
  class space    used 1374K, capacity 1439K, committed 1536K, reserved 1048576K
Event: 3.068 GC heap after
Heap after GC invocations=3 (full 0):
 PSYoungGen      total 18944K, used 2554K [0x00000007aab00000, 0x00000007ac000000, 0x00000007c0000000)
  eden space 16384K, 0% used [0x00000007aab00000,0x00000007aab00000,0x00000007abb00000)
  from space 2560K, 99% used [0x00000007abb00000,0x00000007abd7ea08,0x00000007abd80000)
  to   space 2560K, 0% used [0x00000007abd80000,0x00000007abd80000,0x00000007ac000000)
 ParOldGen       total 44032K, used 1841K [0x0000000780000000, 0x0000000782b00000, 0x00000007aab00000)
  object space 44032K, 4% used [0x0000000780000000,0x00000007801cc6c0,0x0000000782b00000)
 Metaspace       used 10610K, capacity 10794K, committed 11008K, reserved 1058816K
  class space    used 1374K, capacity 1439K, committed 1536K, reserved 1048576K
}
Event: 3.584 GC heap before
{Heap before GC invocations=4 (full 0):
 PSYoungGen      total 18944K, used 18938K [0x00000007aab00000, 0x00000007ac000000, 0x00000007c0000000)
  eden space 16384K, 100% used [0x00000007aab00000,0x00000007abb00000,0x00000007abb00000)
  from space 2560K, 99% used [0x00000007abb00000,0x00000007abd7ea08,0x00000007abd80000)
  to   space 2560K, 0% used [0x00000007abd80000,0x00000007abd80000,0x00000007ac000000)
 ParOldGen       total 44032K, used 1841K [0x0000000780000000, 0x0000000782b00000, 0x00000007aab00000)
  object space 44032K, 4% used [0x0000000780000000,0x00000007801cc6c0,0x0000000782b00000)
 Metaspace       used 12033K, capacity 12220K, committed 12416K, reserved 1060864K
  class space    used 1820K, capacity 1896K, committed 1920K, reserved 1048576K
Event: 3.590 GC heap after
Heap after GC invocations=4 (full 0):
 PSYoungGen      total 18944K, used 2538K [0x00000007aab00000, 0x00000007ac000000, 0x00000007c0000000)
  eden space 16384K, 0% used [0x00000007aab00000,0x00000007aab00000,0x00000007abb00000)
  from space 2560K, 99% used [0x00000007abd80000,0x00000007abffaa38,0x00000007ac000000)
  to   space 2560K, 0% used [0x00000007abb00000,0x00000007abb00000,0x00000007abd80000)
 ParOldGen       total 44032K, used 2745K [0x0000000780000000, 0x0000000782b00000, 0x00000007aab00000)
  object space 44032K, 6% used [0x0000000780000000,0x00000007802ae418,0x0000000782b00000)
 Metaspace       used 12033K, capacity 12220K, committed 12416K, reserved 1060864K
  class space    used 1820K, capacity 1896K, committed 1920K, reserved 1048576K
}
Event: 3.777 GC heap before
{Heap before GC invocations=5 (full 0):
 PSYoungGen      total 18944K, used 18922K [0x00000007aab00000, 0x00000007ac000000, 0x00000007c0000000)
  eden space 16384K, 100% used [0x00000007aab00000,0x00000007abb00000,0x00000007abb00000)
  from space 2560K, 99% used [0x00000007abd80000,0x00000007abffaa38,0x00000007ac000000)
  to   space 2560K, 0% used [0x00000007abb00000,0x00000007abb00000,0x00000007abd80000)
 ParOldGen       total 44032K, used 2745K [0x0000000780000000, 0x0000000782b00000, 0x00000007aab00000)
  object space 44032K, 6% used [0x0000000780000000,0x00000007802ae418,0x0000000782b00000)
 Metaspace       used 14024K, capacity 14238K, committed 14464K, reserved 1060864K
  class space    used 2557K, capacity 2611K, committed 2688K, reserved 1048576K
Event: 3.784 GC heap after
Heap after GC invocations=5 (full 0):
 PSYoungGen      total 18944K, used 2538K [0x00000007aab00000, 0x00000007ad400000, 0x00000007c0000000)
  eden space 16384K, 0% used [0x00000007aab00000,0x00000007aab00000,0x00000007abb00000)
  from space 2560K, 99% used [0x00000007abb00000,0x00000007abd7aa38,0x00000007abd80000)
  to   space 4608K, 0% used [0x00000007acf80000,0x00000007acf80000,0x00000007ad400000)
 ParOldGen       total 44032K, used 4447K [0x0000000780000000, 0x0000000782b00000, 0x00000007aab00000)
  object space 44032K, 10% used [0x0000000780000000,0x0000000780457e70,0x0000000782b00000)
 Metaspace       used 14024K, capacity 14238K, committed 14464K, reserved 1060864K
  class space    used 2557K, capacity 2611K, committed 2688K, reserved 1048576K
}
Event: 4.763 GC heap before
{Heap before GC invocations=6 (full 0):
 PSYoungGen      total 18944K, used 18922K [0x00000007aab00000, 0x00000007ad400000, 0x00000007c0000000)
  eden space 16384K, 100% used [0x00000007aab00000,0x00000007abb00000,0x00000007abb00000)
  from space 2560K, 99% used [0x00000007abb00000,0x00000007abd7aa38,0x00000007abd80000)
  to   space 4608K, 0% used [0x00000007acf80000,0x00000007acf80000,0x00000007ad400000)
 ParOldGen       total 44032K, used 4447K [0x0000000780000000, 0x0000000782b00000, 0x00000007aab00000)
  object space 44032K, 10% used [0x0000000780000000,0x0000000780457e70,0x0000000782b00000)
 Metaspace       used 18358K, capacity 18928K, committed 19072K, reserved 1064960K
  class space    used 3248K, capacity 3408K, committed 3456K, reserved 1048576K
Event: 4.776 GC heap after
Heap after GC invocations=6 (full 0):
 PSYoungGen      total 36352K, used 4593K [0x00000007aab00000, 0x00000007ad600000, 0x00000007c0000000)
  eden space 31744K, 0% used [0x00000007aab00000,0x00000007aab00000,0x00000007aca00000)
  from space 4608K, 99% used [0x00000007acf80000,0x00000007ad3fc460,0x00000007ad400000)
  to   space 5632K, 0% used [0x00000007aca00000,0x00000007aca00000,0x00000007acf80000)
 ParOldGen       total 44032K, used 4927K [0x0000000780000000, 0x0000000782b00000, 0x00000007aab00000)
  object space 44032K, 11% used [0x0000000780000000,0x00000007804cfd90,0x0000000782b00000)
 Metaspace       used 18358K, capacity 18928K, committed 19072K, reserved 1064960K
  class space    used 3248K, capacity 3408K, committed 3456K, reserved 1048576K
}

